# JRE version: OpenJDK Runtime Environment (11.0.10) (build 11.0.10+0-b96-7249189)
# Java VM: OpenJDK 64-Bit Server VM (11.0.10+0-b96-7249189, mixed mode, tiered, compressed oops, g1 gc, windows-amd64)
Heap:
 garbage-first heap   total 227328K, used 160712K [0x0000000080000000, 0x0000000100000000)
  region size 1024K, 95 young (97280K), 10 survivors (10240K)
 Metaspace       used 90814K, capacity 93042K, committed 93132K, reserved 1130496K
  class space    used 11854K, capacity 12680K, committed 12748K, reserved 1048576K
GC Heap History (20 events):
Event: 6.071 GC heap before
{Heap before GC invocations=8 (full 0):
 garbage-first heap   total 131072K, used 34433K [0x0000000080000000, 0x0000000100000000)
  region size 1024K, 19 young (19456K), 4 survivors (4096K)
 Metaspace       used 35049K, capacity 35826K, committed 35840K, reserved 1081344K
  class space    used 4547K, capacity 4864K, committed 4864K, reserved 1048576K
}
Event: 6.083 GC heap after
{Heap after GC invocations=9 (full 0):
 garbage-first heap   total 157696K, used 22086K [0x0000000080000000, 0x0000000100000000)
  region size 1024K, 6 young (6144K), 6 survivors (6144K)
 Metaspace       used 35049K, capacity 35826K, committed 35840K, reserved 1081344K
  class space    used 4547K, capacity 4864K, committed 4864K, reserved 1048576K
}
Event: 7.075 GC heap before
{Heap before GC invocations=10 (full 0):
 garbage-first heap   total 157696K, used 88646K [0x0000000080000000, 0x0000000100000000)
  region size 1024K, 68 young (69632K), 6 survivors (6144K)
 Metaspace       used 39593K, capacity 40522K, committed 40780K, reserved 1085440K
  class space    used 5071K, capacity 5422K, committed 5452K, reserved 1048576K
}
Event: 7.092 GC heap after
{Heap after GC invocations=11 (full 0):
 garbage-first heap   total 157696K, used 26912K [0x0000000080000000, 0x0000000100000000)
  region size 1024K, 9 young (9216K), 9 survivors (9216K)
 Metaspace       used 39593K, capacity 40522K, committed 40780K, reserved 1085440K
  class space    used 5071K, capacity 5422K, committed 5452K, reserved 1048576K
}
Event: 8.012 GC heap before
{Heap before GC invocations=11 (full 0):
 garbage-first heap   total 157696K, used 92448K [0x0000000080000000, 0x0000000100000000)
  region size 1024K, 73 young (74752K), 9 survivors (9216K)
 Metaspace       used 45462K, capacity 46535K, committed 46796K, reserved 1089536K
  class space    used 5845K, capacity 6228K, committed 6348K, reserved 1048576K
}
Event: 8.027 GC heap after
{Heap after GC invocations=12 (full 0):
 garbage-first heap   total 157696K, used 29069K [0x0000000080000000, 0x0000000100000000)
  region size 1024K, 7 young (7168K), 7 survivors (7168K)
 Metaspace       used 45462K, capacity 46535K, committed 46796K, reserved 1089536K
  class space    used 5845K, capacity 6228K, committed 6348K, reserved 1048576K
}
Event: 9.453 GC heap before
{Heap before GC invocations=12 (full 0):
 garbage-first heap   total 157696K, used 112013K [0x0000000080000000, 0x0000000100000000)
  region size 1024K, 81 young (82944K), 7 survivors (7168K)
 Metaspace       used 50379K, capacity 51724K, committed 52044K, reserved 1093632K
  class space    used 6431K, capacity 6913K, committed 6988K, reserved 1048576K
}
Event: 9.470 GC heap after
{Heap after GC invocations=13 (full 0):
 garbage-first heap   total 157696K, used 46960K [0x0000000080000000, 0x0000000100000000)
  region size 1024K, 11 young (11264K), 11 survivors (11264K)
 Metaspace       used 50379K, capacity 51724K, committed 52044K, reserved 1093632K
  class space    used 6431K, capacity 6913K, committed 6988K, reserved 1048576K
}
Event: 10.542 GC heap before
{Heap before GC invocations=13 (full 0):
 garbage-first heap   total 157696K, used 99184K [0x0000000080000000, 0x0000000100000000)
  region size 1024K, 63 young (64512K), 11 survivors (11264K)
 Metaspace       used 58432K, capacity 60005K, committed 60236K, reserved 1101824K
  class space    used 7420K, capacity 7985K, committed 8012K, reserved 1048576K
}
Event: 10.566 GC heap after
{Heap after GC invocations=14 (full 0):
 garbage-first heap   total 189440K, used 50090K [0x0000000080000000, 0x0000000100000000)
  region size 1024K, 3 young (3072K), 3 survivors (3072K)
 Metaspace       used 58432K, capacity 60005K, committed 60236K, reserved 1101824K
  class space    used 7420K, capacity 7985K, committed 8012K, reserved 1048576K
}
Event: 11.865 GC heap before
{Heap before GC invocations=15 (full 0):
 garbage-first heap   total 189440K, used 121770K [0x0000000080000000, 0x0000000100000000)
  region size 1024K, 73 young (74752K), 3 survivors (3072K)
 Metaspace       used 65201K, capacity 66793K, committed 67020K, reserved 1107968K
  class space    used 8273K, capacity 8867K, committed 8908K, reserved 1048576K
}
Event: 11.878 GC heap after
{Heap after GC invocations=16 (full 0):
 garbage-first heap   total 189440K, used 54571K [0x0000000080000000, 0x0000000100000000)
  region size 1024K, 8 young (8192K), 8 survivors (8192K)
 Metaspace       used 65201K, capacity 66793K, committed 67020K, reserved 1107968K
  class space    used 8273K, capacity 8867K, committed 8908K, reserved 1048576K
}
Event: 13.238 GC heap before
{Heap before GC invocations=17 (full 0):
 garbage-first heap   total 189440K, used 127275K [0x0000000080000000, 0x0000000100000000)
  region size 1024K, 79 young (80896K), 8 survivors (8192K)
 Metaspace       used 70854K, capacity 72473K, committed 72780K, reserved 1112064K
  class space    used 9143K, capacity 9752K, committed 9804K, reserved 1048576K
}
Event: 13.256 GC heap after
{Heap after GC invocations=18 (full 0):
 garbage-first heap   total 189440K, used 59957K [0x0000000080000000, 0x0000000100000000)
  region size 1024K, 10 young (10240K), 10 survivors (10240K)
 Metaspace       used 70854K, capacity 72473K, committed 72780K, reserved 1112064K
  class space    used 9143K, capacity 9752K, committed 9804K, reserved 1048576K
}
Event: 14.485 GC heap before
{Heap before GC invocations=18 (full 0):
 garbage-first heap   total 189440K, used 133685K [0x0000000080000000, 0x0000000100000000)
  region size 1024K, 82 young (83968K), 10 survivors (10240K)
 Metaspace       used 78491K, capacity 80215K, committed 80332K, reserved 1118208K
  class space    used 10217K, capacity 10858K, committed 10956K, reserved 1048576K
}
Event: 14.509 GC heap after
{Heap after GC invocations=19 (full 0):
 garbage-first heap   total 189440K, used 65302K [0x0000000080000000, 0x0000000100000000)
  region size 1024K, 11 young (11264K), 11 survivors (11264K)
 Metaspace       used 78491K, capacity 80215K, committed 80332K, reserved 1118208K
  class space    used 10217K, capacity 10858K, committed 10956K, reserved 1048576K
}
Event: 15.926 GC heap before
{Heap before GC invocations=19 (full 0):
 garbage-first heap   total 189440K, used 136982K [0x0000000080000000, 0x0000000100000000)
  region size 1024K, 82 young (83968K), 11 survivors (11264K)
 Metaspace       used 82042K, capacity 84046K, committed 84172K, reserved 1122304K
  class space    used 10709K, capacity 11463K, committed 11468K, reserved 1048576K
}
Event: 15.954 GC heap after
{Heap after GC invocations=20 (full 0):
 garbage-first heap   total 189440K, used 70628K [0x0000000080000000, 0x0000000100000000)
  region size 1024K, 10 young (10240K), 10 survivors (10240K)
 Metaspace       used 82042K, capacity 84046K, committed 84172K, reserved 1122304K
  class space    used 10709K, capacity 11463K, committed 11468K, reserved 1048576K
}
Event: 17.017 GC heap before
{Heap before GC invocations=20 (full 0):
 garbage-first heap   total 189440K, used 142308K [0x0000000080000000, 0x0000000100000000)
  region size 1024K, 81 young (82944K), 10 survivors (10240K)
 Metaspace       used 84192K, capacity 86224K, committed 86476K, reserved 1124352K
  class space    used 10963K, capacity 11712K, committed 11724K, reserved 1048576K
}
Event: 17.040 GC heap after
{Heap after GC invocations=21 (full 0):
 garbage-first heap   total 227328K, used 74696K [0x0000000080000000, 0x0000000100000000)
  region size 1024K, 10 young (10240K), 10 survivors (10240K)
 Metaspace       used 84192K, capacity 86224K, committed 86476K, reserved 1124352K
  class space    used 10963K, capacity 11712K, committed 11724K, reserved 1048576K
}

