# JRE version: OpenJDK Runtime Environment (11.0.10) (build 11.0.10+0-b96-7249189)
# Java VM: OpenJDK 64-Bit Server VM (11.0.10+0-b96-7249189, mixed mode, tiered, compressed oops, g1 gc, windows-amd64)
Heap:
 garbage-first heap   total 273408K, used 150997K [0x0000000080000000, 0x0000000100000000)
  region size 1024K, 3 young (3072K), 2 survivors (2048K)
 Metaspace       used 149338K, capacity 153709K, committed 153764K, reserved 1183744K
  class space    used 18309K, capacity 19821K, committed 19876K, reserved 1048576K
GC Heap History (20 events):
Event: 2163.510 GC heap before
{Heap before GC invocations=62 (full 0):
 garbage-first heap   total 273408K, used 228728K [0x0000000080000000, 0x0000000100000000)
  region size 1024K, 77 young (78848K), 1 survivors (1024K)
 Metaspace       used 148633K, capacity 152882K, committed 153124K, reserved 1183744K
  class space    used 18218K, capacity 19685K, committed 19748K, reserved 1048576K
}
Event: 2163.518 GC heap after
{Heap after GC invocations=63 (full 0):
 garbage-first heap   total 273408K, used 152450K [0x0000000080000000, 0x0000000100000000)
  region size 1024K, 2 young (2048K), 2 survivors (2048K)
 Metaspace       used 148633K, capacity 152882K, committed 153124K, reserved 1183744K
  class space    used 18218K, capacity 19685K, committed 19748K, reserved 1048576K
}
Event: 2165.240 GC heap before
{Heap before GC invocations=64 (full 0):
 garbage-first heap   total 273408K, used 231298K [0x0000000080000000, 0x0000000100000000)
  region size 1024K, 79 young (80896K), 2 survivors (2048K)
 Metaspace       used 149099K, capacity 153381K, committed 153508K, reserved 1183744K
  class space    used 18275K, capacity 19776K, committed 19876K, reserved 1048576K
}
Event: 2165.251 GC heap after
{Heap after GC invocations=65 (full 0):
 garbage-first heap   total 273408K, used 152860K [0x0000000080000000, 0x0000000100000000)
  region size 1024K, 2 young (2048K), 2 survivors (2048K)
 Metaspace       used 149099K, capacity 153381K, committed 153508K, reserved 1183744K
  class space    used 18275K, capacity 19776K, committed 19876K, reserved 1048576K
}
Event: 2165.555 GC heap before
{Heap before GC invocations=65 (full 0):
 garbage-first heap   total 273408K, used 164124K [0x0000000080000000, 0x0000000100000000)
  region size 1024K, 13 young (13312K), 2 survivors (2048K)
 Metaspace       used 149103K, capacity 153445K, committed 153764K, reserved 1183744K
  class space    used 18275K, capacity 19776K, committed 19876K, reserved 1048576K
}
Event: 2165.581 GC heap after
{Heap after GC invocations=66 (full 0):
 garbage-first heap   total 273408K, used 152014K [0x0000000080000000, 0x0000000100000000)
  region size 1024K, 1 young (1024K), 1 survivors (1024K)
 Metaspace       used 149103K, capacity 153445K, committed 153764K, reserved 1183744K
  class space    used 18275K, capacity 19776K, committed 19876K, reserved 1048576K
}
Event: 2167.223 GC heap before
{Heap before GC invocations=66 (full 0):
 garbage-first heap   total 273408K, used 232910K [0x0000000080000000, 0x0000000100000000)
  region size 1024K, 80 young (81920K), 1 survivors (1024K)
 Metaspace       used 149175K, capacity 153543K, committed 153764K, reserved 1183744K
  class space    used 18288K, capacity 19808K, committed 19876K, reserved 1048576K
}
Event: 2167.229 GC heap after
{Heap after GC invocations=67 (full 0):
 garbage-first heap   total 273408K, used 152614K [0x0000000080000000, 0x0000000100000000)
  region size 1024K, 1 young (1024K), 1 survivors (1024K)
 Metaspace       used 149175K, capacity 153543K, committed 153764K, reserved 1183744K
  class space    used 18288K, capacity 19808K, committed 19876K, reserved 1048576K
}
Event: 2170.489 GC heap before
{Heap before GC invocations=68 (full 0):
 garbage-first heap   total 273408K, used 234534K [0x0000000080000000, 0x0000000100000000)
  region size 1024K, 81 young (82944K), 1 survivors (1024K)
 Metaspace       used 149227K, capacity 153561K, committed 153764K, reserved 1183744K
  class space    used 18297K, capacity 19814K, committed 19876K, reserved 1048576K
}
Event: 2170.503 GC heap after
{Heap after GC invocations=69 (full 0):
 garbage-first heap   total 273408K, used 153110K [0x0000000080000000, 0x0000000100000000)
  region size 1024K, 2 young (2048K), 2 survivors (2048K)
 Metaspace       used 149227K, capacity 153561K, committed 153764K, reserved 1183744K
  class space    used 18297K, capacity 19814K, committed 19876K, reserved 1048576K
}
Event: 2171.324 GC heap before
{Heap before GC invocations=69 (full 0):
 garbage-first heap   total 273408K, used 164374K [0x0000000080000000, 0x0000000100000000)
  region size 1024K, 13 young (13312K), 2 survivors (2048K)
 Metaspace       used 149228K, capacity 153561K, committed 153764K, reserved 1183744K
  class space    used 18297K, capacity 19814K, committed 19876K, reserved 1048576K
}
Event: 2171.416 GC heap after
{Heap after GC invocations=70 (full 0):
 garbage-first heap   total 273408K, used 149471K [0x0000000080000000, 0x0000000100000000)
  region size 1024K, 2 young (2048K), 2 survivors (2048K)
 Metaspace       used 149228K, capacity 153561K, committed 153764K, reserved 1183744K
  class space    used 18297K, capacity 19814K, committed 19876K, reserved 1048576K
}
Event: 2175.460 GC heap before
{Heap before GC invocations=70 (full 0):
 garbage-first heap   total 273408K, used 234463K [0x0000000080000000, 0x0000000100000000)
  region size 1024K, 85 young (87040K), 2 survivors (2048K)
 Metaspace       used 149264K, capacity 153625K, committed 153764K, reserved 1183744K
  class space    used 18297K, capacity 19814K, committed 19876K, reserved 1048576K
}
Event: 2175.481 GC heap after
{Heap after GC invocations=71 (full 0):
 garbage-first heap   total 273408K, used 150200K [0x0000000080000000, 0x0000000100000000)
  region size 1024K, 2 young (2048K), 2 survivors (2048K)
 Metaspace       used 149264K, capacity 153625K, committed 153764K, reserved 1183744K
  class space    used 18297K, capacity 19814K, committed 19876K, reserved 1048576K
}
Event: 2180.704 GC heap before
{Heap before GC invocations=72 (full 0):
 garbage-first heap   total 273408K, used 236216K [0x0000000080000000, 0x0000000100000000)
  region size 1024K, 86 young (88064K), 2 survivors (2048K)
 Metaspace       used 149303K, capacity 153644K, committed 153764K, reserved 1183744K
  class space    used 18304K, capacity 19821K, committed 19876K, reserved 1048576K
}
Event: 2180.728 GC heap after
{Heap after GC invocations=73 (full 0):
 garbage-first heap   total 273408K, used 150362K [0x0000000080000000, 0x0000000100000000)
  region size 1024K, 2 young (2048K), 2 survivors (2048K)
 Metaspace       used 149303K, capacity 153644K, committed 153764K, reserved 1183744K
  class space    used 18304K, capacity 19821K, committed 19876K, reserved 1048576K
}
Event: 2181.400 GC heap before
{Heap before GC invocations=73 (full 0):
 garbage-first heap   total 273408K, used 161626K [0x0000000080000000, 0x0000000100000000)
  region size 1024K, 13 young (13312K), 2 survivors (2048K)
 Metaspace       used 149304K, capacity 153644K, committed 153764K, reserved 1183744K
  class space    used 18304K, capacity 19821K, committed 19876K, reserved 1048576K
}
Event: 2181.424 GC heap after
{Heap after GC invocations=74 (full 0):
 garbage-first heap   total 273408K, used 150223K [0x0000000080000000, 0x0000000100000000)
  region size 1024K, 1 young (1024K), 1 survivors (1024K)
 Metaspace       used 149304K, capacity 153644K, committed 153764K, reserved 1183744K
  class space    used 18304K, capacity 19821K, committed 19876K, reserved 1048576K
}
Event: 2188.568 GC heap before
{Heap before GC invocations=74 (full 0):
 garbage-first heap   total 273408K, used 236239K [0x0000000080000000, 0x0000000100000000)
  region size 1024K, 85 young (87040K), 1 survivors (1024K)
 Metaspace       used 149338K, capacity 153709K, committed 153764K, reserved 1183744K
  class space    used 18309K, capacity 19821K, committed 19876K, reserved 1048576K
}
Event: 2188.587 GC heap after
{Heap after GC invocations=75 (full 0):
 garbage-first heap   total 273408K, used 150997K [0x0000000080000000, 0x0000000100000000)
  region size 1024K, 2 young (2048K), 2 survivors (2048K)
 Metaspace       used 149338K, capacity 153709K, committed 153764K, reserved 1183744K
  class space    used 18309K, capacity 19821K, committed 19876K, reserved 1048576K
}

