# JRE version: OpenJDK Runtime Environment (11.0.10) (build 11.0.10+0-b96-7249189)
# Java VM: OpenJDK 64-Bit Server VM (11.0.10+0-b96-7249189, mixed mode, tiered, compressed oops, g1 gc, windows-amd64)
Heap:
 garbage-first heap   total 356352K, used 211916K [0x0000000080000000, 0x0000000100000000)
  region size 1024K, 4 young (4096K), 4 survivors (4096K)
 Metaspace       used 132416K, capacity 135651K, committed 135936K, reserved 1167360K
  class space    used 16656K, capacity 17862K, committed 17920K, reserved 1048576K
GC Heap History (20 events):
Event: 3354.444 GC heap after
{Heap after GC invocations=50 (full 0):
 garbage-first heap   total 227328K, used 129469K [0x0000000080000000, 0x0000000100000000)
  region size 1024K, 4 young (4096K), 4 survivors (4096K)
 Metaspace       used 124777K, capacity 127662K, committed 128000K, reserved 1161216K
  class space    used 15477K, capacity 16507K, committed 16640K, reserved 1048576K
}
Event: 3354.686 GC heap before
{Heap before GC invocations=50 (full 0):
 garbage-first heap   total 227328K, used 136637K [0x0000000080000000, 0x0000000100000000)
  region size 1024K, 11 young (11264K), 4 survivors (4096K)
 Metaspace       used 124842K, capacity 127671K, committed 128000K, reserved 1161216K
  class space    used 15486K, capacity 16510K, committed 16640K, reserved 1048576K
}
Event: 3354.709 GC heap after
{Heap after GC invocations=51 (full 0):
 garbage-first heap   total 227328K, used 118443K [0x0000000080000000, 0x0000000100000000)
  region size 1024K, 1 young (1024K), 1 survivors (1024K)
 Metaspace       used 124842K, capacity 127671K, committed 128000K, reserved 1161216K
  class space    used 15486K, capacity 16510K, committed 16640K, reserved 1048576K
}
Event: 3355.778 GC heap before
{Heap before GC invocations=51 (full 0):
 garbage-first heap   total 227328K, used 174763K [0x0000000080000000, 0x0000000100000000)
  region size 1024K, 58 young (59392K), 1 survivors (1024K)
 Metaspace       used 125895K, capacity 128783K, committed 129152K, reserved 1161216K
  class space    used 15600K, capacity 16645K, committed 16768K, reserved 1048576K
}
Event: 3355.791 GC heap after
{Heap after GC invocations=52 (full 0):
 garbage-first heap   total 227328K, used 121541K [0x0000000080000000, 0x0000000100000000)
  region size 1024K, 4 young (4096K), 4 survivors (4096K)
 Metaspace       used 125895K, capacity 128783K, committed 129152K, reserved 1161216K
  class space    used 15600K, capacity 16645K, committed 16768K, reserved 1048576K
}
Event: 3356.869 GC heap before
{Heap before GC invocations=53 (full 0):
 garbage-first heap   total 227328K, used 208581K [0x0000000080000000, 0x0000000100000000)
  region size 1024K, 65 young (66560K), 4 survivors (4096K)
 Metaspace       used 128193K, capacity 131162K, committed 131328K, reserved 1163264K
  class space    used 15980K, capacity 17072K, committed 17152K, reserved 1048576K
}
Event: 3356.910 GC heap after
{Heap after GC invocations=54 (full 0):
 garbage-first heap   total 233472K, used 158293K [0x0000000080000000, 0x0000000100000000)
  region size 1024K, 9 young (9216K), 9 survivors (9216K)
 Metaspace       used 128193K, capacity 131162K, committed 131328K, reserved 1163264K
  class space    used 15980K, capacity 17072K, committed 17152K, reserved 1048576K
}
Event: 3356.972 GC heap before
{Heap before GC invocations=54 (full 0):
 garbage-first heap   total 233472K, used 160341K [0x0000000080000000, 0x0000000100000000)
  region size 1024K, 11 young (11264K), 9 survivors (9216K)
 Metaspace       used 128766K, capacity 131770K, committed 132096K, reserved 1163264K
  class space    used 16189K, capacity 17296K, committed 17408K, reserved 1048576K
}
Event: 3356.998 GC heap after
{Heap after GC invocations=55 (full 0):
 garbage-first heap   total 233472K, used 154506K [0x0000000080000000, 0x0000000100000000)
  region size 1024K, 1 young (1024K), 1 survivors (1024K)
 Metaspace       used 128766K, capacity 131770K, committed 132096K, reserved 1163264K
  class space    used 16189K, capacity 17296K, committed 17408K, reserved 1048576K
}
Event: 3357.644 GC heap before
{Heap before GC invocations=55 (full 0):
 garbage-first heap   total 233472K, used 190346K [0x0000000080000000, 0x0000000100000000)
  region size 1024K, 37 young (37888K), 1 survivors (1024K)
 Metaspace       used 129705K, capacity 132692K, committed 132864K, reserved 1165312K
  class space    used 16297K, capacity 17408K, committed 17408K, reserved 1048576K
}
Event: 3357.673 GC heap after
{Heap after GC invocations=56 (full 0):
 garbage-first heap   total 233472K, used 171892K [0x0000000080000000, 0x0000000100000000)
  region size 1024K, 5 young (5120K), 5 survivors (5120K)
 Metaspace       used 129705K, capacity 132692K, committed 132864K, reserved 1165312K
  class space    used 16297K, capacity 17408K, committed 17408K, reserved 1048576K
}
Event: 3357.921 GC heap before
{Heap before GC invocations=56 (full 0):
 garbage-first heap   total 233472K, used 192372K [0x0000000080000000, 0x0000000100000000)
  region size 1024K, 25 young (25600K), 5 survivors (5120K)
 Metaspace       used 129713K, capacity 132692K, committed 132864K, reserved 1165312K
  class space    used 16297K, capacity 17408K, committed 17408K, reserved 1048576K
}
Event: 3357.953 GC heap after
{Heap after GC invocations=57 (full 0):
 garbage-first heap   total 288768K, used 182784K [0x0000000080000000, 0x0000000100000000)
  region size 1024K, 4 young (4096K), 4 survivors (4096K)
 Metaspace       used 129713K, capacity 132692K, committed 132864K, reserved 1165312K
  class space    used 16297K, capacity 17408K, committed 17408K, reserved 1048576K
}
Event: 3358.925 GC heap before
{Heap before GC invocations=58 (full 0):
 garbage-first heap   total 288768K, used 225792K [0x0000000080000000, 0x0000000100000000)
  region size 1024K, 47 young (48128K), 4 survivors (4096K)
 Metaspace       used 131489K, capacity 134638K, committed 134784K, reserved 1167360K
  class space    used 16555K, capacity 17730K, committed 17792K, reserved 1048576K
}
Event: 3358.958 GC heap after
{Heap after GC invocations=59 (full 0):
 garbage-first heap   total 288768K, used 197120K [0x0000000080000000, 0x0000000100000000)
  region size 1024K, 6 young (6144K), 6 survivors (6144K)
 Metaspace       used 131489K, capacity 134638K, committed 134784K, reserved 1167360K
  class space    used 16555K, capacity 17730K, committed 17792K, reserved 1048576K
}
Event: 3359.491 GC heap before
{Heap before GC invocations=59 (full 0):
 garbage-first heap   total 288768K, used 229888K [0x0000000080000000, 0x0000000100000000)
  region size 1024K, 39 young (39936K), 6 survivors (6144K)
 Metaspace       used 132008K, capacity 135198K, committed 135424K, reserved 1167360K
  class space    used 16614K, capacity 17802K, committed 17920K, reserved 1048576K
}
Event: 3359.515 GC heap after
{Heap after GC invocations=60 (full 0):
 garbage-first heap   total 288768K, used 202342K [0x0000000080000000, 0x0000000100000000)
  region size 1024K, 4 young (4096K), 4 survivors (4096K)
 Metaspace       used 132008K, capacity 135198K, committed 135424K, reserved 1167360K
  class space    used 16614K, capacity 17802K, committed 17920K, reserved 1048576K
}
Event: 3360.184 GC heap before
{Heap before GC invocations=60 (full 0):
 garbage-first heap   total 288768K, used 231014K [0x0000000080000000, 0x0000000100000000)
  region size 1024K, 36 young (36864K), 4 survivors (4096K)
 Metaspace       used 132008K, capacity 135175K, committed 135424K, reserved 1167360K
  class space    used 16609K, capacity 17792K, committed 17920K, reserved 1048576K
}
Event: 3360.213 GC heap after
{Heap after GC invocations=61 (full 0):
 garbage-first heap   total 288768K, used 201066K [0x0000000080000000, 0x0000000100000000)
  region size 1024K, 3 young (3072K), 3 survivors (3072K)
 Metaspace       used 132008K, capacity 135175K, committed 135424K, reserved 1167360K
  class space    used 16609K, capacity 17792K, committed 17920K, reserved 1048576K
}
Event: 3361.778 GC heap before
{Heap before GC invocations=62 (full 0):
 garbage-first heap   total 288768K, used 242026K [0x0000000080000000, 0x0000000100000000)
  region size 1024K, 37 young (37888K), 3 survivors (3072K)
 Metaspace       used 132416K, capacity 135651K, committed 135936K, reserved 1167360K
  class space    used 16656K, capacity 17862K, committed 17920K, reserved 1048576K
}

